<?xml version="1.0" encoding="UTF-8"?>
<robot generator="Robot 3.2.1 (Python 3.7.2 on win32)" generated="20201118 22:54:41.410" rpa="false">
<suite id="s1" name="Ajackus assignment" source="E:\Rahul\Testing Docs\Python\Robot_Framework\Test_Cases\Ajackus_assignment.robot">
<test id="s1-t1" name="Open_Find_Out _More_Link">
<kw name="Open Browser" library="SeleniumLibrary">
<doc>Opens a new browser instance to the optional ``url``.</doc>
<arguments>
<arg>${url}</arg>
<arg>${browser}</arg>
</arguments>
<msg timestamp="20201118 22:54:41.724" level="INFO">Opening browser 'chrome' to base url 'https://www.propertycapsule.com/'.</msg>
<status status="PASS" starttime="20201118 22:54:41.724" endtime="20201118 22:54:48.241"></status>
</kw>
<kw name="Maximize Browser Window" library="SeleniumLibrary">
<doc>Maximizes current browser window.</doc>
<status status="PASS" starttime="20201118 22:54:48.242" endtime="20201118 22:54:49.372"></status>
</kw>
<kw name="Set Selenium Implicit Wait" library="SeleniumLibrary">
<doc>Sets the implicit wait value used by Selenium.</doc>
<arguments>
<arg>20 seconds</arg>
</arguments>
<status status="PASS" starttime="20201118 22:54:49.372" endtime="20201118 22:54:49.374"></status>
</kw>
<kw name="Click Element" library="SeleniumLibrary">
<doc>Click the element identified by ``locator``.</doc>
<arguments>
<arg>xpath://a[@class='here-link'][.='Find out more']</arg>
</arguments>
<msg timestamp="20201118 22:54:49.375" level="INFO">Clicking element 'xpath://a[@class='here-link'][.='Find out more']'.</msg>
<status status="PASS" starttime="20201118 22:54:49.375" endtime="20201118 22:54:49.912"></status>
</kw>
<kw name="Sleep" library="BuiltIn">
<doc>Pauses the test executed for the given time.</doc>
<arguments>
<arg>4</arg>
</arguments>
<msg timestamp="20201118 22:54:53.918" level="INFO">Slept 4 seconds</msg>
<status status="PASS" starttime="20201118 22:54:49.916" endtime="20201118 22:54:53.918"></status>
</kw>
<kw name="Close Browser" library="SeleniumLibrary">
<doc>Closes the current browser.</doc>
<status status="PASS" starttime="20201118 22:54:53.919" endtime="20201118 22:54:56.165"></status>
</kw>
<status status="PASS" starttime="20201118 22:54:41.721" endtime="20201118 22:54:56.168" critical="yes"></status>
</test>
<test id="s1-t2" name="Open_request_a_demo">
<kw name="Open Browser" library="SeleniumLibrary">
<doc>Opens a new browser instance to the optional ``url``.</doc>
<arguments>
<arg>${url}</arg>
<arg>${browser}</arg>
</arguments>
<msg timestamp="20201118 22:54:56.183" level="INFO">Opening browser 'chrome' to base url 'https://www.propertycapsule.com/'.</msg>
<status status="PASS" starttime="20201118 22:54:56.182" endtime="20201118 22:55:03.667"></status>
</kw>
<kw name="Maximize Browser Window" library="SeleniumLibrary">
<doc>Maximizes current browser window.</doc>
<status status="PASS" starttime="20201118 22:55:03.668" endtime="20201118 22:55:04.803"></status>
</kw>
<kw name="Set Selenium Implicit Wait" library="SeleniumLibrary">
<doc>Sets the implicit wait value used by Selenium.</doc>
<arguments>
<arg>20 seconds</arg>
</arguments>
<status status="PASS" starttime="20201118 22:55:04.803" endtime="20201118 22:55:04.804"></status>
</kw>
<kw name="Click Element" library="SeleniumLibrary">
<doc>Click the element identified by ``locator``.</doc>
<arguments>
<arg>xpath://a[@class='here-link'][.='request a demo']</arg>
</arguments>
<msg timestamp="20201118 22:55:04.805" level="INFO">Clicking element 'xpath://a[@class='here-link'][.='request a demo']'.</msg>
<status status="PASS" starttime="20201118 22:55:04.805" endtime="20201118 22:55:04.878"></status>
</kw>
<kw name="Sleep" library="BuiltIn">
<doc>Pauses the test executed for the given time.</doc>
<arguments>
<arg>4</arg>
</arguments>
<msg timestamp="20201118 22:55:08.886" level="INFO">Slept 4 seconds</msg>
<status status="PASS" starttime="20201118 22:55:04.884" endtime="20201118 22:55:08.886"></status>
</kw>
<kw name="Close Browser" library="SeleniumLibrary">
<doc>Closes the current browser.</doc>
<status status="PASS" starttime="20201118 22:55:08.886" endtime="20201118 22:55:11.118"></status>
</kw>
<status status="PASS" starttime="20201118 22:54:56.178" endtime="20201118 22:55:11.119" critical="yes"></status>
</test>
<test id="s1-t3" name="Open_see_yourself">
<kw name="Open Browser" library="SeleniumLibrary">
<doc>Opens a new browser instance to the optional ``url``.</doc>
<arguments>
<arg>${url}</arg>
<arg>${browser}</arg>
</arguments>
<msg timestamp="20201118 22:55:11.127" level="INFO">Opening browser 'chrome' to base url 'https://www.propertycapsule.com/'.</msg>
<status status="PASS" starttime="20201118 22:55:11.126" endtime="20201118 22:55:19.211"></status>
</kw>
<kw name="Maximize Browser Window" library="SeleniumLibrary">
<doc>Maximizes current browser window.</doc>
<status status="PASS" starttime="20201118 22:55:19.212" endtime="20201118 22:55:20.344"></status>
</kw>
<kw name="Set Selenium Implicit Wait" library="SeleniumLibrary">
<doc>Sets the implicit wait value used by Selenium.</doc>
<arguments>
<arg>20 seconds</arg>
</arguments>
<status status="PASS" starttime="20201118 22:55:20.344" endtime="20201118 22:55:20.346"></status>
</kw>
<kw name="Click Element" library="SeleniumLibrary">
<doc>Click the element identified by ``locator``.</doc>
<arguments>
<arg>xpath://a[@class='see-for-yourself']</arg>
</arguments>
<msg timestamp="20201118 22:55:20.346" level="INFO">Clicking element 'xpath://a[@class='see-for-yourself']'.</msg>
<status status="PASS" starttime="20201118 22:55:20.346" endtime="20201118 22:55:20.457"></status>
</kw>
<kw name="Sleep" library="BuiltIn">
<doc>Pauses the test executed for the given time.</doc>
<arguments>
<arg>4</arg>
</arguments>
<msg timestamp="20201118 22:55:24.458" level="INFO">Slept 4 seconds</msg>
<status status="PASS" starttime="20201118 22:55:20.457" endtime="20201118 22:55:24.458"></status>
</kw>
<kw name="Close Browser" library="SeleniumLibrary">
<doc>Closes the current browser.</doc>
<status status="PASS" starttime="20201118 22:55:24.458" endtime="20201118 22:55:26.799"></status>
</kw>
<status status="PASS" starttime="20201118 22:55:11.122" endtime="20201118 22:55:26.799" critical="yes"></status>
</test>
<status status="PASS" starttime="20201118 22:54:41.413" endtime="20201118 22:55:26.802"></status>
</suite>
<statistics>
<total>
<stat pass="3" fail="0">Critical Tests</stat>
<stat pass="3" fail="0">All Tests</stat>
</total>
<tag>
</tag>
<suite>
<stat pass="3" fail="0" id="s1" name="Ajackus assignment">Ajackus assignment</stat>
</suite>
</statistics>
<errors>
</errors>
</robot>
